<?xml version="1.0" encoding="UTF-8"?>
<!-- Generated by org.testng.reporters.JUnitXMLReporter -->
<testsuite ignored="0" hostname="LTIN509377" failures="0" tests="3" name="Default test" time="142.291" errors="0" timestamp="2024-04-17T15:09:03 IST">
  <testcase classname="io.cucumber.testng.AbstractTestNGCucumberTests" name="@AfterClass tearDownClass" time="37.334">
    <failure type="java.lang.RuntimeException" message="java.io.IOException: HTTP request failed:
&amp;gt; PUT https://cucumber-messages-app-s3bucket-61aropwgu4ox.s3.eu-west-3.amazonaws.com/reports/f1f40814-2fe7-485f-952e-981776df370e?X-Amz-Algorithm=AWS4-HMAC-SHA256&amp;amp;X-Amz-Credential=ASIAWE4HTFKNW4VTWKEX%2F20240417%2Feu-west-3%2Fs3%2Faws4_request&amp;amp;X-Amz-Date=20240417T093842Z&amp;amp;X-Amz-Expires=900&amp;amp;X-Amz-Security-Token=IQoJb3JpZ2luX2VjEJr%2F%2F%2F%2F%2F%2F%2F%2F%2F%2FwEaCWV1LXdlc3QtMyJGMEQCIA%2BBI1aWHm3plEm0d6yeHqvcxm2LSjSr1%2Fnz%2BY4FiEIqAiBTxb4ODzFju%2BqobFU8AzturMmO4Y5skTcmPhwhzQPsGirGAwjT%2F%2F%2F%2F%2F%2F%2F%2F%2F%2F8BEAMaDDQyMjgwMTc3OTM1NSIM3TwTLN4SG3aJfahAKpoDj9dzsIDbBh1s%2FvS8JN3RvO6XFmi4IV8EJc8B2tf708iIlTmLB%2FZi9RMJKGivgPRUUL8z94C41uZoBnbYUW7iZ%2FzfZxskPu4SyQjGhgS6nqFysmGYf2J2yscmPggaiBJgNETkGiO7ENXNnw8peCN3azYHDu6jB6ufJ6D0k0wH3f8M15Ra73OrDwrGkf4EIAWG56moLMJ2YtHtMbzMB6kjIFKjG%2B0JXDFyAVMNKIFEATUiZ5Zncl1Gt4rNoL7XvF6lFRDoA9JywykZ5JXdm2e3Dnj9QB3dsG3jGtLKF1HjZel3LmtNGKMJhqlWOJZ%2FGyRXOqPA7a43kD8LdmO6QFdjgptPCyN5X79zJHdGXyhtloziXODirwGGvmgmNkrOUN%2FStpihjt1HJI7njD0zy%2Bo%2FbTdPtgBFDppnfELGRBb2Pzbb3SDtfsTaAUOc7NHRo7wD9xTIv7bmhIzMrzlGGYe0aZBbrEX7%2BGTqvZNcqc6hLM2WhVjCE2GMD1bxrL3ZxKZJPucnL8c%2FGWF3NyASxsm8qybfDkgjHl9A224wwaz%2BsAY6nwHdOAoMpKQNiI%2BScs0HDBWwz1%2FYlSka8oBd7t4XExpri1emVIXbUfuS2EwxXT2TfC1r5kOsgweZ2fBkgTEv4lec62QTHFcLKPo1NGnUY8SLME108BM5WaMt%2BahbCZNeEZLjK9lbfVWlZ6iQhewN%2FsPGWiTn0MoCv%2FEWh9hP0bT1JUXH2L8xTouKinE5VdwuXNhCSw0Gq%2Bef%2BPDkCz0e8yQ%3D&amp;amp;X-Amz-Signature=85d76a40b9f0736513a28e6b1355e51106a48fd9ca2e199af6c4fda9cc503490&amp;amp;X-Amz-SignedHeaders=host

">
      <![CDATA[java.lang.RuntimeException: java.io.IOException: HTTP request failed:
> PUT https://cucumber-messages-app-s3bucket-61aropwgu4ox.s3.eu-west-3.amazonaws.com/reports/f1f40814-2fe7-485f-952e-981776df370e?X-Amz-Algorithm=AWS4-HMAC-SHA256&X-Amz-Credential=ASIAWE4HTFKNW4VTWKEX%2F20240417%2Feu-west-3%2Fs3%2Faws4_request&X-Amz-Date=20240417T093842Z&X-Amz-Expires=900&X-Amz-Security-Token=IQoJb3JpZ2luX2VjEJr%2F%2F%2F%2F%2F%2F%2F%2F%2F%2FwEaCWV1LXdlc3QtMyJGMEQCIA%2BBI1aWHm3plEm0d6yeHqvcxm2LSjSr1%2Fnz%2BY4FiEIqAiBTxb4ODzFju%2BqobFU8AzturMmO4Y5skTcmPhwhzQPsGirGAwjT%2F%2F%2F%2F%2F%2F%2F%2F%2F%2F8BEAMaDDQyMjgwMTc3OTM1NSIM3TwTLN4SG3aJfahAKpoDj9dzsIDbBh1s%2FvS8JN3RvO6XFmi4IV8EJc8B2tf708iIlTmLB%2FZi9RMJKGivgPRUUL8z94C41uZoBnbYUW7iZ%2FzfZxskPu4SyQjGhgS6nqFysmGYf2J2yscmPggaiBJgNETkGiO7ENXNnw8peCN3azYHDu6jB6ufJ6D0k0wH3f8M15Ra73OrDwrGkf4EIAWG56moLMJ2YtHtMbzMB6kjIFKjG%2B0JXDFyAVMNKIFEATUiZ5Zncl1Gt4rNoL7XvF6lFRDoA9JywykZ5JXdm2e3Dnj9QB3dsG3jGtLKF1HjZel3LmtNGKMJhqlWOJZ%2FGyRXOqPA7a43kD8LdmO6QFdjgptPCyN5X79zJHdGXyhtloziXODirwGGvmgmNkrOUN%2FStpihjt1HJI7njD0zy%2Bo%2FbTdPtgBFDppnfELGRBb2Pzbb3SDtfsTaAUOc7NHRo7wD9xTIv7bmhIzMrzlGGYe0aZBbrEX7%2BGTqvZNcqc6hLM2WhVjCE2GMD1bxrL3ZxKZJPucnL8c%2FGWF3NyASxsm8qybfDkgjHl9A224wwaz%2BsAY6nwHdOAoMpKQNiI%2BScs0HDBWwz1%2FYlSka8oBd7t4XExpri1emVIXbUfuS2EwxXT2TfC1r5kOsgweZ2fBkgTEv4lec62QTHFcLKPo1NGnUY8SLME108BM5WaMt%2BahbCZNeEZLjK9lbfVWlZ6iQhewN%2FsPGWiTn0MoCv%2FEWh9hP0bT1JUXH2L8xTouKinE5VdwuXNhCSw0Gq%2Bef%2BPDkCz0e8yQ%3D&X-Amz-Signature=85d76a40b9f0736513a28e6b1355e51106a48fd9ca2e199af6c4fda9cc503490&X-Amz-SignedHeaders=host


at io.cucumber.core.plugin.MessageFormatter.writeMessage(MessageFormatter.java:32)
at io.cucumber.core.eventbus.AbstractEventPublisher.send(AbstractEventPublisher.java:51)
at io.cucumber.core.eventbus.AbstractEventBus.send(AbstractEventBus.java:12)
at io.cucumber.core.runtime.SynchronizedEventBus.send(SynchronizedEventBus.java:47)
at io.cucumber.core.runtime.CucumberExecutionContext.emitTestRunFinished(CucumberExecutionContext.java:124)
at io.cucumber.core.runtime.CucumberExecutionContext.finishTestRun(CucumberExecutionContext.java:104)
at io.cucumber.testng.TestNGCucumberRunner.finish(TestNGCucumberRunner.java:145)
at io.cucumber.testng.AbstractTestNGCucumberTests.tearDownClass(AbstractTestNGCucumberTests.java:57)
at java.base/jdk.internal.reflect.NativeMethodAccessorImpl.invoke0(Native Method)
at java.base/jdk.internal.reflect.NativeMethodAccessorImpl.invoke(NativeMethodAccessorImpl.java:77)
at java.base/jdk.internal.reflect.DelegatingMethodAccessorImpl.invoke(DelegatingMethodAccessorImpl.java:43)
at java.base/java.lang.reflect.Method.invoke(Method.java:568)
at org.testng.internal.invokers.MethodInvocationHelper.invokeMethod(MethodInvocationHelper.java:139)
at org.testng.internal.invokers.MethodInvocationHelper.invokeMethodConsideringTimeout(MethodInvocationHelper.java:69)
at org.testng.internal.invokers.ConfigInvoker.invokeConfigurationMethod(ConfigInvoker.java:393)
at org.testng.internal.invokers.ConfigInvoker.invokeConfigurations(ConfigInvoker.java:326)
at org.testng.internal.invokers.TestMethodWorker.invokeAfterClassConfigurations(TestMethodWorker.java:229)
at org.testng.internal.invokers.TestMethodWorker.invokeAfterClassMethods(TestMethodWorker.java:215)
at org.testng.internal.invokers.TestMethodWorker.run(TestMethodWorker.java:131)
at java.base/java.util.ArrayList.forEach(ArrayList.java:1511)
at org.testng.TestRunner.privateRun(TestRunner.java:819)
at org.testng.TestRunner.run(TestRunner.java:619)
at org.testng.SuiteRunner.runTest(SuiteRunner.java:443)
at org.testng.SuiteRunner.runSequentially(SuiteRunner.java:437)
at org.testng.SuiteRunner.privateRun(SuiteRunner.java:397)
at org.testng.SuiteRunner.run(SuiteRunner.java:336)
at org.testng.SuiteRunnerWorker.runSuite(SuiteRunnerWorker.java:52)
at org.testng.SuiteRunnerWorker.run(SuiteRunnerWorker.java:95)
at org.testng.TestNG.runSuitesSequentially(TestNG.java:1301)
at org.testng.TestNG.runSuitesLocally(TestNG.java:1228)
at org.testng.TestNG.runSuites(TestNG.java:1134)
at org.testng.TestNG.run(TestNG.java:1101)
at org.testng.remote.AbstractRemoteTestNG.run(AbstractRemoteTestNG.java:115)
at org.testng.remote.RemoteTestNG.initAndRun(RemoteTestNG.java:251)
at org.testng.remote.RemoteTestNG.main(RemoteTestNG.java:77)
Caused by: java.io.IOException: HTTP request failed:
> PUT https://cucumber-messages-app-s3bucket-61aropwgu4ox.s3.eu-west-3.amazonaws.com/reports/f1f40814-2fe7-485f-952e-981776df370e?X-Amz-Algorithm=AWS4-HMAC-SHA256&X-Amz-Credential=ASIAWE4HTFKNW4VTWKEX%2F20240417%2Feu-west-3%2Fs3%2Faws4_request&X-Amz-Date=20240417T093842Z&X-Amz-Expires=900&X-Amz-Security-Token=IQoJb3JpZ2luX2VjEJr%2F%2F%2F%2F%2F%2F%2F%2F%2F%2FwEaCWV1LXdlc3QtMyJGMEQCIA%2BBI1aWHm3plEm0d6yeHqvcxm2LSjSr1%2Fnz%2BY4FiEIqAiBTxb4ODzFju%2BqobFU8AzturMmO4Y5skTcmPhwhzQPsGirGAwjT%2F%2F%2F%2F%2F%2F%2F%2F%2F%2F8BEAMaDDQyMjgwMTc3OTM1NSIM3TwTLN4SG3aJfahAKpoDj9dzsIDbBh1s%2FvS8JN3RvO6XFmi4IV8EJc8B2tf708iIlTmLB%2FZi9RMJKGivgPRUUL8z94C41uZoBnbYUW7iZ%2FzfZxskPu4SyQjGhgS6nqFysmGYf2J2yscmPggaiBJgNETkGiO7ENXNnw8peCN3azYHDu6jB6ufJ6D0k0wH3f8M15Ra73OrDwrGkf4EIAWG56moLMJ2YtHtMbzMB6kjIFKjG%2B0JXDFyAVMNKIFEATUiZ5Zncl1Gt4rNoL7XvF6lFRDoA9JywykZ5JXdm2e3Dnj9QB3dsG3jGtLKF1HjZel3LmtNGKMJhqlWOJZ%2FGyRXOqPA7a43kD8LdmO6QFdjgptPCyN5X79zJHdGXyhtloziXODirwGGvmgmNkrOUN%2FStpihjt1HJI7njD0zy%2Bo%2FbTdPtgBFDppnfELGRBb2Pzbb3SDtfsTaAUOc7NHRo7wD9xTIv7bmhIzMrzlGGYe0aZBbrEX7%2BGTqvZNcqc6hLM2WhVjCE2GMD1bxrL3ZxKZJPucnL8c%2FGWF3NyASxsm8qybfDkgjHl9A224wwaz%2BsAY6nwHdOAoMpKQNiI%2BScs0HDBWwz1%2FYlSka8oBd7t4XExpri1emVIXbUfuS2EwxXT2TfC1r5kOsgweZ2fBkgTEv4lec62QTHFcLKPo1NGnUY8SLME108BM5WaMt%2BahbCZNeEZLjK9lbfVWlZ6iQhewN%2FsPGWiTn0MoCv%2FEWh9hP0bT1JUXH2L8xTouKinE5VdwuXNhCSw0Gq%2Bef%2BPDkCz0e8yQ%3D&X-Amz-Signature=85d76a40b9f0736513a28e6b1355e51106a48fd9ca2e199af6c4fda9cc503490&X-Amz-SignedHeaders=host


at io.cucumber.core.plugin.UrlOutputStream.createCurlLikeException(UrlOutputStream.java:150)
at io.cucumber.core.plugin.UrlOutputStream.sendRequestBody(UrlOutputStream.java:116)
at io.cucumber.core.plugin.UrlOutputStream.sendRequest(UrlOutputStream.java:94)
at io.cucumber.core.plugin.UrlOutputStream.sendRequest(UrlOutputStream.java:90)
at io.cucumber.core.plugin.UrlOutputStream.close(UrlOutputStream.java:65)
at java.base/sun.nio.cs.StreamEncoder.implClose(StreamEncoder.java:347)
at java.base/sun.nio.cs.StreamEncoder.close(StreamEncoder.java:169)
at java.base/java.io.OutputStreamWriter.close(OutputStreamWriter.java:252)
at io.cucumber.core.plugin.MessageFormatter.writeMessage(MessageFormatter.java:29)
... 34 more
Caused by: java.net.ConnectException: Connection timed out: connect
at java.base/sun.nio.ch.Net.connect0(Native Method)
at java.base/sun.nio.ch.Net.connect(Net.java:579)
at java.base/sun.nio.ch.Net.connect(Net.java:568)
at java.base/sun.nio.ch.NioSocketImpl.connect(NioSocketImpl.java:593)
at java.base/java.net.SocksSocketImpl.connect(SocksSocketImpl.java:327)
at java.base/java.net.Socket.connect(Socket.java:633)
at java.base/sun.security.ssl.SSLSocketImpl.connect(SSLSocketImpl.java:304)
at java.base/sun.security.ssl.BaseSSLSocketImpl.connect(BaseSSLSocketImpl.java:174)
at java.base/sun.net.NetworkClient.doConnect(NetworkClient.java:183)
at java.base/sun.net.www.http.HttpClient.openServer(HttpClient.java:533)
at java.base/sun.net.www.http.HttpClient.openServer(HttpClient.java:638)
at java.base/sun.net.www.protocol.https.HttpsClient.<init>(HttpsClient.java:266)
at java.base/sun.net.www.protocol.https.HttpsClient.New(HttpsClient.java:380)
at java.base/sun.net.www.protocol.https.AbstractDelegateHttpsURLConnection.getNewHttpClient(AbstractDelegateHttpsURLConnection.java:193)
at java.base/sun.net.www.protocol.http.HttpURLConnection.plainConnect0(HttpURLConnection.java:1287)
at java.base/sun.net.www.protocol.http.HttpURLConnection.plainConnect(HttpURLConnection.java:1128)
at java.base/sun.net.www.protocol.https.AbstractDelegateHttpsURLConnection.connect(AbstractDelegateHttpsURLConnection.java:179)
at java.base/sun.net.www.protocol.http.HttpURLConnection.getOutputStream0(HttpURLConnection.java:1430)
at java.base/sun.net.www.protocol.http.HttpURLConnection.getOutputStream(HttpURLConnection.java:1401)
at java.base/sun.net.www.protocol.https.HttpsURLConnectionImpl.getOutputStream(HttpsURLConnectionImpl.java:220)
at io.cucumber.core.plugin.UrlOutputStream.sendRequestBody(UrlOutputStream.java:111)
... 41 more
]]>
    </failure>
  </testcase> <!-- @AfterClass tearDownClass -->
  <testcase classname="io.cucumber.testng.AbstractTestNGCucumberTests" name="runScenario" time="36.024"/>
  <testcase classname="io.cucumber.testng.AbstractTestNGCucumberTests" name="runScenario" time="51.089"/>
  <testcase classname="io.cucumber.testng.AbstractTestNGCucumberTests" name="runScenario" time="15.674"/>
</testsuite> <!-- Default test -->
