<?xml version="1.0" encoding="UTF-8"?>
<testng-results ignored="0" total="3" passed="3" failed="0" skipped="0">
  <reporter-output>
  </reporter-output>
  <suite started-at="2024-04-18T21:32:38 IST" name="Suite" finished-at="2024-04-18T21:34:08 IST" duration-ms="89691">
    <groups>
      <group name="cucumber">
        <method signature="AbstractTestNGCucumberTests.runScenario(io.cucumber.testng.PickleWrapper,io.cucumber.testng.FeatureWrapper)[pri:0, instance:testRunner.TestRunner@235ecd9f]" name="runScenario" class="io.cucumber.testng.AbstractTestNGCucumberTests"/>
      </group> <!-- cucumber -->
    </groups>
    <test started-at="2024-04-18T21:32:38 IST" name="Test" finished-at="2024-04-18T21:34:08 IST" duration-ms="89691">
      <class name="testRunner.TestRunner">
        <test-method is-config="true" signature="setUpClass(org.testng.ITestContext)[pri:0, instance:testRunner.TestRunner@235ecd9f]" started-at="2024-04-18T21:32:38 IST" name="setUpClass" finished-at="2024-04-18T21:32:39 IST" duration-ms="1169" status="PASS">
          <params>
            <param index="0">
              <value>
                <![CDATA[org.testng.TestRunner@59b1edab]]>
              </value>
            </param>
          </params>
          <reporter-output>
          </reporter-output>
        </test-method> <!-- setUpClass -->
        <test-method signature="runScenario(io.cucumber.testng.PickleWrapper,io.cucumber.testng.FeatureWrapper)[pri:0, instance:testRunner.TestRunner@235ecd9f]" started-at="2024-04-18T21:32:39 IST" name="runScenario" description="Runs Cucumber Scenarios" data-provider="scenarios" finished-at="2024-04-18T21:33:06 IST" duration-ms="26400" status="PASS">
          <params>
            <param index="0">
              <value>
                <![CDATA["Successfully Getting The Car Service Details"]]>
              </value>
            </param>
            <param index="1">
              <value>
                <![CDATA["Opening CarService Page and Getting Service Names and respective Booking Amount"]]>
              </value>
            </param>
          </params>
          <reporter-output>
          </reporter-output>
        </test-method> <!-- runScenario -->
        <test-method signature="runScenario(io.cucumber.testng.PickleWrapper,io.cucumber.testng.FeatureWrapper)[pri:0, instance:testRunner.TestRunner@235ecd9f]" started-at="2024-04-18T21:33:06 IST" name="runScenario" description="Runs Cucumber Scenarios" data-provider="scenarios" finished-at="2024-04-18T21:33:18 IST" duration-ms="11849" status="PASS">
          <params>
            <param index="0">
              <value>
                <![CDATA["Successfully Getting Error Message"]]>
              </value>
            </param>
            <param index="1">
              <value>
                <![CDATA["Getting Error Message By providing Invalid E-mail ID"]]>
              </value>
            </param>
          </params>
          <reporter-output>
          </reporter-output>
        </test-method> <!-- runScenario -->
        <test-method signature="runScenario(io.cucumber.testng.PickleWrapper,io.cucumber.testng.FeatureWrapper)[pri:0, instance:testRunner.TestRunner@235ecd9f]" started-at="2024-04-18T21:33:18 IST" name="runScenario" description="Runs Cucumber Scenarios" data-provider="scenarios" finished-at="2024-04-18T21:33:53 IST" duration-ms="35791" status="PASS">
          <params>
            <param index="0">
              <value>
                <![CDATA["Successfully Getting Different Car Service Addresses"]]>
              </value>
            </param>
            <param index="1">
              <value>
                <![CDATA["Clicking On Our Centers and Getting Service Adresses By Selecting Different State And City Names"]]>
              </value>
            </param>
          </params>
          <reporter-output>
          </reporter-output>
        </test-method> <!-- runScenario -->
        <test-method is-config="true" signature="tearDownClass()[pri:0, instance:testRunner.TestRunner@235ecd9f]" started-at="2024-04-18T21:33:53 IST" name="tearDownClass" finished-at="2024-04-18T21:34:08 IST" duration-ms="14412" status="PASS">
          <reporter-output>
          </reporter-output>
        </test-method> <!-- tearDownClass -->
      </class> <!-- testRunner.TestRunner -->
    </test> <!-- Test -->
  </suite> <!-- Suite -->
</testng-results>
