<?xml version="1.0" encoding="UTF-8"?>
<testsuite xmlns:xsi="http://www.w3.org/2001/XMLSchema-instance" xsi:noNamespaceSchemaLocation="https://maven.apache.org/surefire/maven-surefire-plugin/xsd/surefire-test-report-3.0.xsd" version="3.0" name="TestSuite" time="90.522" tests="3" errors="0" skipped="0" failures="0">
  <properties>
[...]
</properties>
  <testcase name="runScenario[&quot;Successfully Getting The Car Service Details&quot;, &quot;Opening CarService Page and Getting Service Names and respective Booking Amount&quot;](1)" classname="testRunner.TestRunner" time="26.403">
    <system-out><![CDATA[
@smoke @functional
Scenario: Successfully Getting The Car Service Details      # FeatureFiles/TS1_Homepage.feature:4
  Given User Opened Website With The URL                    # stepDefinitions.Home_Services.user_opened_website_With_The_URL()

    Embedding Successfully Getting The Car Service Details_Success [image/png 1573423 bytes]

  When User Select Service Type As "Car"                    # stepDefinitions.Home_Services.user_select_service_type_as(java.lang.String)

    Embedding Successfully Getting The Car Service Details_Success [image/png 1570453 bytes]

  And User Select SubCategory AS "SUV"                      # stepDefinitions.Home_Services.user_select_sub_category_as(java.lang.String)

    Embedding Successfully Getting The Car Service Details_Success [image/png 1568200 bytes]

  And User Click On "Go for it" Button                      # stepDefinitions.Home_Services.user_click_on_button(java.lang.String)

    Embedding Successfully Getting The Car Service Details_Success [image/png 678120 bytes]

  Then User Navigate to the Services Details Displayed Page # stepDefinitions.Home_Services.user_navigate_to_the_services_details_displayed_page()

    Embedding Successfully Getting The Car Service Details_Success [image/png 678120 bytes]

Car Service Names : 
Snow Wash
Snow Wash + Polish
Detailing
Headlight Restoration
Wiper Fluid Refill
  And Captures The Service Name                             # stepDefinitions.Home_Services.captures_the_service_name()

    Embedding Successfully Getting The Car Service Details_Success [image/png 678120 bytes]

Car Service Amount : 
399.00
599.00
1699.00
199.00
149.00
  And Captures The Booking Amount                           # stepDefinitions.Home_Services.captures_the_booking_amount()

    Embedding Successfully Getting The Car Service Details_Success [image/png 678120 bytes]

]]></system-out>
    <system-err><![CDATA[SLF4J: Failed to load class "org.slf4j.impl.StaticLoggerBinder".
SLF4J: Defaulting to no-operation (NOP) logger implementation
SLF4J: See http://www.slf4j.org/codes.html#StaticLoggerBinder for further details.
]]></system-err>
  </testcase>
  <testcase name="runScenario[&quot;Successfully Getting Error Message&quot;, &quot;Getting Error Message By providing Invalid E-mail ID&quot;](2)" classname="testRunner.TestRunner" time="11.825">
    <system-out><![CDATA[
@smoke @regression
Scenario: Successfully Getting Error Message              # FeatureFiles/TS2_Registrationpage.feature:4
  Given User Click on Register Button                     # stepDefinitions.Registration_Error_msg.user_click_on_register_button()

    Embedding Successfully Getting Error Message_Success [image/png 56272 bytes]

  When User Enters Other Details along with Invalid Email # stepDefinitions.Registration_Error_msg.user_enters_other_details_along_with_invalid_email()

    Embedding Successfully Getting Error Message_Success [image/png 46930 bytes]

  And User Click On SignUp Button                         # stepDefinitions.Registration_Error_msg.user_click_on_sign_up_button()

    Embedding Successfully Getting Error Message_Success [image/png 51809 bytes]

Registration Error Message For Invalid Email Input : 
Please enter a valid Email Address.
  Then User Get Error Message                             # stepDefinitions.Registration_Error_msg.user_get_error_message()

    Embedding Successfully Getting Error Message_Success [image/png 51814 bytes]

]]></system-out>
  </testcase>
  <testcase name="runScenario[&quot;Successfully Getting Different Car Service Addresses&quot;, &quot;Clicking On Our Centers and Getting Service Adresses By Selecting Different State And City Names&quot;](3)" classname="testRunner.TestRunner" time="35.791">
    <system-out><![CDATA[
@smoke
Scenario: Successfully Getting Different Car Service Addresses  # FeatureFiles/TS3_Ourcenters.feature:4
  Given User Navigate Back to Home Page                         # stepDefinitions.Our_Centers.user_navigate_back_to_home_page()

    Embedding Successfully Getting Different Car Service Addresses_Success [image/png 1573423 bytes]

  When Click On Our Centers                                     # stepDefinitions.Our_Centers.click_on_our_centers()

    Embedding Successfully Getting Different Car Service Addresses_Success [image/png 589651 bytes]

Service Address Results For Karnataka - Mysuru : 
  When User Selects State1 and City1 and Click on Search Button # stepDefinitions.Our_Centers.user_selects_state1_and_city1_and_click_on_search_button()

    Embedding Successfully Getting Different Car Service Addresses_Success [image/png 156033 bytes]

Karnataka - Mysuru - , Rajarajeshwari Nagar
Karnataka - Mysuru - Near Metropole Circle
  Then User Gets The List Of Car Cleaning Service Addresses     # stepDefinitions.Our_Centers.user_gets_the_list_of_car_cleaning_service_addresses()

    Embedding Successfully Getting Different Car Service Addresses_Success [image/png 156033 bytes]

Service Address Results For Delhi - Delhi : 
  When User Selects State2 and City2 and Click on Search Button # stepDefinitions.Our_Centers.user_selects_state2_and_city2_and_click_on_search_button()

    Embedding Successfully Getting Different Car Service Addresses_Success [image/png 188617 bytes]

Delhi - CC Colony - Madhav Kunj
Delhi - Nangloi - Laxmi Park
Delhi - Shastri Nagar - Near Gurudwara
  Then User Gets The List Of Car Cleaning Service Addresses     # stepDefinitions.Our_Centers.user_gets_the_list_of_car_cleaning_service_addresses()

    Embedding Successfully Getting Different Car Service Addresses_Success [image/png 188617 bytes]

Service Address Results For Telangana - Hyderabad : 
  When User Selects State3 and City3 and Click on Search Button # stepDefinitions.Our_Centers.user_selects_state3_and_city3_and_click_on_search_button()

    Embedding Successfully Getting Different Car Service Addresses_Success [image/png 193655 bytes]

Telangana - Hyderabad - Botanical Garden Road
Telangana - Hyderabad - Kothapet
Telangana - Hyderabad - Madhura Nagar Colony
Telangana - Hyderabad - Narsingi
Telangana, Hyderabad - Sri Vivekananda Nagar
  Then User Gets The List Of Car Cleaning Service Addresses     # stepDefinitions.Our_Centers.user_gets_the_list_of_car_cleaning_service_addresses()

    Embedding Successfully Getting Different Car Service Addresses_Success [image/png 193655 bytes]

]]></system-out>
  </testcase>
</testsuite>