<?xml version="1.0" encoding="UTF-8"?>
<testng-results ignored="0" total="3" passed="3" failed="0" skipped="0">
  <reporter-output>
  </reporter-output>
  <suite started-at="2024-04-23T08:28:47 IST" name="Suite" finished-at="2024-04-23T08:30:17 IST" duration-ms="90658">
    <groups>
      <group name="cucumber">
        <method signature="AbstractTestNGCucumberTests.runScenario(io.cucumber.testng.PickleWrapper,io.cucumber.testng.FeatureWrapper)[pri:0, instance:testRunner.TestRunner@235ecd9f]" name="runScenario" class="io.cucumber.testng.AbstractTestNGCucumberTests"/>
      </group> <!-- cucumber -->
    </groups>
    <test started-at="2024-04-23T08:28:47 IST" name="Test" finished-at="2024-04-23T08:30:17 IST" duration-ms="90658">
      <class name="testRunner.TestRunner">
        <test-method is-config="true" signature="setUpClass(org.testng.ITestContext)[pri:0, instance:testRunner.TestRunner@235ecd9f]" started-at="2024-04-23T08:28:47 IST" name="setUpClass" finished-at="2024-04-23T08:28:48 IST" duration-ms="1627" status="PASS">
          <params>
            <param index="0">
              <value>
                <![CDATA[org.testng.TestRunner@4c9ef9c9]]>
              </value>
            </param>
          </params>
          <reporter-output>
          </reporter-output>
        </test-method> <!-- setUpClass -->
        <test-method signature="runScenario(io.cucumber.testng.PickleWrapper,io.cucumber.testng.FeatureWrapper)[pri:0, instance:testRunner.TestRunner@235ecd9f]" started-at="2024-04-23T08:28:48 IST" name="runScenario" description="Runs Cucumber Scenarios" data-provider="scenarios" finished-at="2024-04-23T08:29:14 IST" duration-ms="25129" status="PASS">
          <params>
            <param index="0">
              <value>
                <![CDATA["Successfully Getting The Car Service Names and Booking Amount"]]>
              </value>
            </param>
            <param index="1">
              <value>
                <![CDATA["Getting Car Service Details"]]>
              </value>
            </param>
          </params>
          <reporter-output>
          </reporter-output>
        </test-method> <!-- runScenario -->
        <test-method signature="runScenario(io.cucumber.testng.PickleWrapper,io.cucumber.testng.FeatureWrapper)[pri:0, instance:testRunner.TestRunner@235ecd9f]" started-at="2024-04-23T08:29:14 IST" name="runScenario" description="Runs Cucumber Scenarios" data-provider="scenarios" finished-at="2024-04-23T08:29:30 IST" duration-ms="16074" status="PASS">
          <params>
            <param index="0">
              <value>
                <![CDATA["Invalid Register Credentials"]]>
              </value>
            </param>
            <param index="1">
              <value>
                <![CDATA["Error Message Display"]]>
              </value>
            </param>
          </params>
          <reporter-output>
          </reporter-output>
        </test-method> <!-- runScenario -->
        <test-method signature="runScenario(io.cucumber.testng.PickleWrapper,io.cucumber.testng.FeatureWrapper)[pri:0, instance:testRunner.TestRunner@235ecd9f]" started-at="2024-04-23T08:29:30 IST" name="runScenario" description="Runs Cucumber Scenarios" data-provider="scenarios" finished-at="2024-04-23T08:30:13 IST" duration-ms="43582" status="PASS">
          <params>
            <param index="0">
              <value>
                <![CDATA["Different Car Service Addresses of the State and City"]]>
              </value>
            </param>
            <param index="1">
              <value>
                <![CDATA["Service Address Display"]]>
              </value>
            </param>
          </params>
          <reporter-output>
          </reporter-output>
        </test-method> <!-- runScenario -->
        <test-method is-config="true" signature="tearDownClass()[pri:0, instance:testRunner.TestRunner@235ecd9f]" started-at="2024-04-23T08:30:13 IST" name="tearDownClass" finished-at="2024-04-23T08:30:17 IST" duration-ms="4162" status="PASS">
          <reporter-output>
          </reporter-output>
        </test-method> <!-- tearDownClass -->
      </class> <!-- testRunner.TestRunner -->
    </test> <!-- Test -->
  </suite> <!-- Suite -->
</testng-results>
